producer_class	xtools.gsea.GseaPreranked
producer_timestamp	1710905005889
param	rpt_label	Mesen_vs_Immuno
param	rnd_seed	12345
param	set_min	15
param	zip_report	false
param	create_svgs	false
param	scoring_scheme	weighted
param	rnk	/Users/ashenafee/Development/BCB420_Repository/Homework_5/./data/MesenvsImmuno_RNASeq_ranks.rnk
param	norm	meandiv
param	out	/Users/ashenafee/Development/BCB420_Repository/Homework_5/./generated_data/gsea
param	mode	Max_probe
param	include_only_symbols	true
param	help	false
param	set_max	200
param	gmx	./generated_data/gsea/Human_GOBP_AllPathways_no_GO_iea_March_01_2021_symbol.gmt
param	make_sets	true
param	plot_top_x	20
param	gui	false
param	nperm	1000
param	collapse	No_Collapse

file	./generated_data/gsea/Mesen_vs_Immuno.GseaPreranked.1710905005889/index.html
